# JRE version: 6.0_30-b30
# Java VM: OpenJDK 64-Bit Server VM (23.25-b01 mixed mode linux-amd64 compressed oops)
Heap
 PSYoungGen      total 224384K, used 58534K [0x00000000f0000000, 0x00000000ffc70000, 0x0000000100000000)
  eden space 193344K, 21% used [0x00000000f0000000,0x00000000f2936ae8,0x00000000fbcd0000)
  from space 31040K, 52% used [0x00000000fde20000,0x00000000fee12d78,0x00000000ffc70000)
  to   space 32576K, 0% used [0x00000000fbcd0000,0x00000000fbcd0000,0x00000000fdca0000)
 ParOldGen       total 193152K, used 126984K [0x00000000d0000000, 0x00000000dbca0000, 0x00000000f0000000)
  object space 193152K, 65% used [0x00000000d0000000,0x00000000d7c023b0,0x00000000dbca0000)
 PSPermGen       total 120128K, used 89536K [0x00000000b8000000, 0x00000000bf550000, 0x00000000d0000000)
  object space 120128K, 74% used [0x00000000b8000000,0x00000000bd7702a8,0x00000000bf550000)
GC Heap History (10 events):
Event: 10073.438 GC heap before
{Heap before GC invocations=281 (full 11):
 PSYoungGen      total 224320K, used 207475K [0x00000000f0000000, 0x0000000100000000, 0x0000000100000000)
  eden space 186496K, 100% used [0x00000000f0000000,0x00000000fb620000,0x00000000fb620000)
  from space 37824K, 55% used [0x00000000fb620000,0x00000000fca9cc80,0x00000000fdb10000)
  to   space 37120K, 0% used [0x00000000fdbc0000,0x00000000fdbc0000,0x0000000100000000)
 ParOldGen       total 193152K, used 96655K [0x00000000d0000000, 0x00000000dbca0000, 0x00000000f0000000)
  object space 193152K, 50% used [0x00000000d0000000,0x00000000d5e63ea0,0x00000000dbca0000)
 PSPermGen       total 120128K, used 89523K [0x00000000b8000000, 0x00000000bf550000, 0x00000000d0000000)
  object space 120128K, 74% used [0x00000000b8000000,0x00000000bd76cca0,0x00000000bf550000)
Event: 10073.479 GC heap after
Heap after GC invocations=281 (full 11):
 PSYoungGen      total 222464K, used 21356K [0x00000000f0000000, 0x00000000ffe30000, 0x0000000100000000)
  eden space 187200K, 0% used [0x00000000f0000000,0x00000000f0000000,0x00000000fb6d0000)
  from space 35264K, 60% used [0x00000000fdbc0000,0x00000000ff09b270,0x00000000ffe30000)
  to   space 36544K, 0% used [0x00000000fb6d0000,0x00000000fb6d0000,0x00000000fda80000)
 ParOldGen       total 193152K, used 102255K [0x00000000d0000000, 0x00000000dbca0000, 0x00000000f0000000)
  object space 193152K, 52% used [0x00000000d0000000,0x00000000d63dbfa0,0x00000000dbca0000)
 PSPermGen       total 120128K, used 89523K [0x00000000b8000000, 0x00000000bf550000, 0x00000000d0000000)
  object space 120128K, 74% used [0x00000000b8000000,0x00000000bd76cca0,0x00000000bf550000)
}
Event: 10074.988 GC heap before
{Heap before GC invocations=282 (full 11):
 PSYoungGen      total 222464K, used 208556K [0x00000000f0000000, 0x00000000ffe30000, 0x0000000100000000)
  eden space 187200K, 100% used [0x00000000f0000000,0x00000000fb6d0000,0x00000000fb6d0000)
  from space 35264K, 60% used [0x00000000fdbc0000,0x00000000ff09b270,0x00000000ffe30000)
  to   space 36544K, 0% used [0x00000000fb6d0000,0x00000000fb6d0000,0x00000000fda80000)
 ParOldGen       total 193152K, used 102255K [0x00000000d0000000, 0x00000000dbca0000, 0x00000000f0000000)
  object space 193152K, 52% used [0x00000000d0000000,0x00000000d63dbfa0,0x00000000dbca0000)
 PSPermGen       total 120128K, used 89523K [0x00000000b8000000, 0x00000000bf550000, 0x00000000d0000000)
  object space 120128K, 74% used [0x00000000b8000000,0x00000000bd76cd00,0x00000000bf550000)
Event: 10075.035 GC heap after
Heap after GC invocations=282 (full 11):
 PSYoungGen      total 223744K, used 23794K [0x00000000f0000000, 0x0000000100000000, 0x0000000100000000)
  eden space 187200K, 0% used [0x00000000f0000000,0x00000000f0000000,0x00000000fb6d0000)
  from space 36544K, 65% used [0x00000000fb6d0000,0x00000000fce0caf8,0x00000000fda80000)
  to   space 36800K, 0% used [0x00000000fdc10000,0x00000000fdc10000,0x0000000100000000)
 ParOldGen       total 193152K, used 108043K [0x00000000d0000000, 0x00000000dbca0000, 0x00000000f0000000)
  object space 193152K, 55% used [0x00000000d0000000,0x00000000d6982d18,0x00000000dbca0000)
 PSPermGen       total 120128K, used 89523K [0x00000000b8000000, 0x00000000bf550000, 0x00000000d0000000)
  object space 120128K, 74% used [0x00000000b8000000,0x00000000bd76cd00,0x00000000bf550000)
}
Event: 10076.451 GC heap before
{Heap before GC invocations=283 (full 11):
 PSYoungGen      total 223744K, used 210994K [0x00000000f0000000, 0x0000000100000000, 0x0000000100000000)
  eden space 187200K, 100% used [0x00000000f0000000,0x00000000fb6d0000,0x00000000fb6d0000)
  from space 36544K, 65% used [0x00000000fb6d0000,0x00000000fce0caf8,0x00000000fda80000)
  to   space 36800K, 0% used [0x00000000fdc10000,0x00000000fdc10000,0x0000000100000000)
 ParOldGen       total 193152K, used 108043K [0x00000000d0000000, 0x00000000dbca0000, 0x00000000f0000000)
  object space 193152K, 55% used [0x00000000d0000000,0x00000000d6982f48,0x00000000dbca0000)
 PSPermGen       total 120128K, used 89525K [0x00000000b8000000, 0x00000000bf550000, 0x00000000d0000000)
  object space 120128K, 74% used [0x00000000b8000000,0x00000000bd76d430,0x00000000bf550000)
Event: 10076.486 GC heap after
Heap after GC invocations=283 (full 11):
 PSYoungGen      total 222272K, used 18584K [0x00000000f0000000, 0x00000000ffcc0000, 0x0000000100000000)
  eden space 188800K, 0% used [0x00000000f0000000,0x00000000f0000000,0x00000000fb860000)
  from space 33472K, 55% used [0x00000000fdc10000,0x00000000fee360c0,0x00000000ffcc0000)
  to   space 35008K, 0% used [0x00000000fb860000,0x00000000fb860000,0x00000000fda90000)
 ParOldGen       total 193152K, used 114164K [0x00000000d0000000, 0x00000000dbca0000, 0x00000000f0000000)
  object space 193152K, 59% used [0x00000000d0000000,0x00000000d6f7d0d8,0x00000000dbca0000)
 PSPermGen       total 120128K, used 89525K [0x00000000b8000000, 0x00000000bf550000, 0x00000000d0000000)
  object space 120128K, 74% used [0x00000000b8000000,0x00000000bd76d430,0x00000000bf550000)
}
Event: 10078.624 GC heap before
{Heap before GC invocations=284 (full 11):
 PSYoungGen      total 222272K, used 207384K [0x00000000f0000000, 0x00000000ffcc0000, 0x0000000100000000)
  eden space 188800K, 100% used [0x00000000f0000000,0x00000000fb860000,0x00000000fb860000)
  from space 33472K, 55% used [0x00000000fdc10000,0x00000000fee360c0,0x00000000ffcc0000)
  to   space 35008K, 0% used [0x00000000fb860000,0x00000000fb860000,0x00000000fda90000)
 ParOldGen       total 193152K, used 114166K [0x00000000d0000000, 0x00000000dbca0000, 0x00000000f0000000)
  object space 193152K, 59% used [0x00000000d0000000,0x00000000d6f7da80,0x00000000dbca0000)
 PSPermGen       total 120128K, used 89525K [0x00000000b8000000, 0x00000000bf550000, 0x00000000d0000000)
  object space 120128K, 74% used [0x00000000b8000000,0x00000000bd76d788,0x00000000bf550000)
Event: 10078.659 GC heap after
Heap after GC invocations=284 (full 11):
 PSYoungGen      total 223808K, used 16249K [0x00000000f0000000, 0x00000000fff20000, 0x0000000100000000)
  eden space 188800K, 0% used [0x00000000f0000000,0x00000000f0000000,0x00000000fb860000)
  from space 35008K, 46% used [0x00000000fb860000,0x00000000fc83e7b0,0x00000000fda90000)
  to   space 33792K, 0% used [0x00000000fde20000,0x00000000fde20000,0x00000000fff20000)
 ParOldGen       total 193152K, used 121565K [0x00000000d0000000, 0x00000000dbca0000, 0x00000000f0000000)
  object space 193152K, 62% used [0x00000000d0000000,0x00000000d76b77f0,0x00000000dbca0000)
 PSPermGen       total 120128K, used 89525K [0x00000000b8000000, 0x00000000bf550000, 0x00000000d0000000)
  object space 120128K, 74% used [0x00000000b8000000,0x00000000bd76d788,0x00000000bf550000)
}
Event: 10080.887 GC heap before
{Heap before GC invocations=285 (full 11):
 PSYoungGen      total 223808K, used 205049K [0x00000000f0000000, 0x00000000fff20000, 0x0000000100000000)
  eden space 188800K, 100% used [0x00000000f0000000,0x00000000fb860000,0x00000000fb860000)
  from space 35008K, 46% used [0x00000000fb860000,0x00000000fc83e7b0,0x00000000fda90000)
  to   space 33792K, 0% used [0x00000000fde20000,0x00000000fde20000,0x00000000fff20000)
 ParOldGen       total 193152K, used 121565K [0x00000000d0000000, 0x00000000dbca0000, 0x00000000f0000000)
  object space 193152K, 62% used [0x00000000d0000000,0x00000000d76b77f0,0x00000000dbca0000)
 PSPermGen       total 120128K, used 89536K [0x00000000b8000000, 0x00000000bf550000, 0x00000000d0000000)
  object space 120128K, 74% used [0x00000000b8000000,0x00000000bd770288,0x00000000bf550000)
Event: 10080.926 GC heap after
Heap after GC invocations=285 (full 11):
 PSYoungGen      total 224384K, used 16331K [0x00000000f0000000, 0x00000000ffc70000, 0x0000000100000000)
  eden space 193344K, 0% used [0x00000000f0000000,0x00000000f0000000,0x00000000fbcd0000)
  from space 31040K, 52% used [0x00000000fde20000,0x00000000fee12d78,0x00000000ffc70000)
  to   space 32576K, 0% used [0x00000000fbcd0000,0x00000000fbcd0000,0x00000000fdca0000)
 ParOldGen       total 193152K, used 126984K [0x00000000d0000000, 0x00000000dbca0000, 0x00000000f0000000)
  object space 193152K, 65% used [0x00000000d0000000,0x00000000d7c023b0,0x00000000dbca0000)
 PSPermGen       total 120128K, used 89536K [0x00000000b8000000, 0x00000000bf550000, 0x00000000d0000000)
  object space 120128K, 74% used [0x00000000b8000000,0x00000000bd770288,0x00000000bf550000)
}

